<?xml version="1.0" encoding="UTF-8"?>
<testng-results ignored="0" total="1" passed="1" failed="0" skipped="0">
  <reporter-output>
  </reporter-output>
  <suite started-at="2024-04-23T01:15:14 SGT" name="Default suite" finished-at="2024-04-23T01:15:33 SGT" duration-ms="19020">
    <groups>
    </groups>
    <test started-at="2024-04-23T01:15:14 SGT" name="Default test" finished-at="2024-04-23T01:15:33 SGT" duration-ms="19020">
      <class name="TestCases.TricentisRegistrationPositiveFlowTest">
        <test-method is-config="true" signature="openBrowser()[pri:0, instance:TestCases.TricentisRegistrationPositiveFlowTest@f5ac9e4]" started-at="2024-04-23T01:15:14 SGT" name="openBrowser" finished-at="2024-04-23T01:15:20 SGT" duration-ms="5548" status="PASS">
          <reporter-output>
          </reporter-output>
        </test-method> <!-- openBrowser -->
        <test-method signature="testRegistrationFlow()[pri:0, instance:TestCases.TricentisRegistrationPositiveFlowTest@f5ac9e4]" started-at="2024-04-23T01:15:20 SGT" name="testRegistrationFlow" finished-at="2024-04-23T01:15:33 SGT" duration-ms="13144" status="PASS">
          <reporter-output>
          </reporter-output>
        </test-method> <!-- testRegistrationFlow -->
        <test-method is-config="true" signature="closeBrowser()[pri:0, instance:TestCases.TricentisRegistrationPositiveFlowTest@f5ac9e4]" started-at="2024-04-23T01:15:33 SGT" name="closeBrowser" finished-at="2024-04-23T01:15:33 SGT" duration-ms="277" status="PASS">
          <reporter-output>
          </reporter-output>
        </test-method> <!-- closeBrowser -->
      </class> <!-- TestCases.TricentisRegistrationPositiveFlowTest -->
    </test> <!-- Default test -->
  </suite> <!-- Default suite -->
</testng-results>
